<?xml version="1.0" encoding="UTF-8"?>
<testsuite xmlns:xsi="http://www.w3.org/2001/XMLSchema-instance" xsi:noNamespaceSchemaLocation="https://maven.apache.org/surefire/maven-surefire-plugin/xsd/surefire-test-report-3.0.xsd" version="3.0" name="com.structurizr.renderer.SvgDiagramExporterTest" time="2.211" tests="1" errors="0" skipped="0" failures="0">
  <properties>
[...]
</properties>
  <testcase name="rendersBigBank" classname="com.structurizr.renderer.SvgDiagramExporterTest" time="2.174">
    <system-out><![CDATA[Written: target/test-output/SystemLandscape.svg
Written: target/test-output/SystemContext.svg
Written: target/test-output/Containers.svg
Written: target/test-output/Components.svg
Written: target/test-output/SignIn.svg
Written: target/test-output/DevelopmentDeployment.svg
Written: target/test-output/LiveDeployment.svg
]]></system-out>
    <system-err><![CDATA[SLF4J: Failed to load class "org.slf4j.impl.StaticLoggerBinder".
SLF4J: Defaulting to no-operation (NOP) logger implementation
SLF4J: See http://www.slf4j.org/codes.html#StaticLoggerBinder for further details.
]]></system-err>
  </testcase>
</testsuite>